2018-07-31 10:31:48.370  INFO 12432 --- [main] c.i.d.ElektronskiDnevnikApplication      : Starting ElektronskiDnevnikApplication on DESKTOP-PC54T3S with PID 12432 (C:\Users\Jovana\Documents\workspace-sts-3.9.3.RELEASE\elektronski_dnevnik_f\target\classes started by Jovana in C:\Users\Jovana\Documents\workspace-sts-3.9.3.RELEASE\elektronski_dnevnik_f)
2018-07-31 10:31:48.424  INFO 12432 --- [main] c.i.d.ElektronskiDnevnikApplication      : No active profile set, falling back to default profiles: default
2018-07-31 10:31:48.607  INFO 12432 --- [main] ConfigServletWebServerApplicationContext : Refreshing org.springframework.boot.web.servlet.context.AnnotationConfigServletWebServerApplicationContext@5223e5ee: startup date [Tue Jul 31 10:31:48 CEST 2018]; root of context hierarchy
2018-07-31 10:31:51.784  INFO 12432 --- [main] trationDelegate$BeanPostProcessorChecker : Bean 'org.springframework.transaction.annotation.ProxyTransactionManagementConfiguration' of type [org.springframework.transaction.annotation.ProxyTransactionManagementConfiguration$$EnhancerBySpringCGLIB$$6105d4be] is not eligible for getting processed by all BeanPostProcessors (for example: not eligible for auto-proxying)
2018-07-31 10:31:51.896  INFO 12432 --- [main] trationDelegate$BeanPostProcessorChecker : Bean 'org.springframework.security.config.annotation.configuration.ObjectPostProcessorConfiguration' of type [org.springframework.security.config.annotation.configuration.ObjectPostProcessorConfiguration$$EnhancerBySpringCGLIB$$f9b39cf8] is not eligible for getting processed by all BeanPostProcessors (for example: not eligible for auto-proxying)
2018-07-31 10:31:51.939  INFO 12432 --- [main] trationDelegate$BeanPostProcessorChecker : Bean 'objectPostProcessor' of type [org.springframework.security.config.annotation.configuration.AutowireBeanFactoryObjectPostProcessor] is not eligible for getting processed by all BeanPostProcessors (for example: not eligible for auto-proxying)
2018-07-31 10:31:51.943  INFO 12432 --- [main] trationDelegate$BeanPostProcessorChecker : Bean 'org.springframework.security.access.expression.method.DefaultMethodSecurityExpressionHandler@5c84624f' of type [org.springframework.security.access.expression.method.DefaultMethodSecurityExpressionHandler] is not eligible for getting processed by all BeanPostProcessors (for example: not eligible for auto-proxying)
2018-07-31 10:31:51.957  INFO 12432 --- [main] trationDelegate$BeanPostProcessorChecker : Bean 'org.springframework.security.config.annotation.method.configuration.GlobalMethodSecurityConfiguration' of type [org.springframework.security.config.annotation.method.configuration.GlobalMethodSecurityConfiguration$$EnhancerBySpringCGLIB$$1e883faa] is not eligible for getting processed by all BeanPostProcessors (for example: not eligible for auto-proxying)
2018-07-31 10:31:51.978  INFO 12432 --- [main] trationDelegate$BeanPostProcessorChecker : Bean 'methodSecurityMetadataSource' of type [org.springframework.security.access.method.DelegatingMethodSecurityMetadataSource] is not eligible for getting processed by all BeanPostProcessors (for example: not eligible for auto-proxying)
2018-07-31 10:31:52.591  INFO 12432 --- [main] o.s.b.w.embedded.tomcat.TomcatWebServer  : Tomcat initialized with port(s): 8080 (http)
2018-07-31 10:31:52.636  INFO 12432 --- [main] o.apache.catalina.core.StandardService   : Starting service [Tomcat]
2018-07-31 10:31:52.637  INFO 12432 --- [main] org.apache.catalina.core.StandardEngine  : Starting Servlet Engine: Apache Tomcat/8.5.31
2018-07-31 10:31:52.652  INFO 12432 --- [localhost-startStop-1] o.a.catalina.core.AprLifecycleListener   : The APR based Apache Tomcat Native library which allows optimal performance in production environments was not found on the java.library.path: [C:\Program Files\Java\jre1.8.0_161\bin;C:\WINDOWS\Sun\Java\bin;C:\WINDOWS\system32;C:\WINDOWS;C:/Program Files/Java/jdk1.8.0_161/bin/../jre/bin/server;C:/Program Files/Java/jdk1.8.0_161/bin/../jre/bin;C:/Program Files/Java/jdk1.8.0_161/bin/../jre/lib/amd64;C:\Program Files\apache-maven-3.5.3\bin;C:\Program Files\Java\jdk1.8.0_161\bin;C:\WINDOWS\system32;C:\WINDOWS;C:\WINDOWS\System32\Wbem;C:\WINDOWS\System32\WindowsPowerShell\v1.0\;C:\WINDOWS\System32\OpenSSH\;C:\Program Files\Git\cmd;C:\Users\Jovana\AppData\Roaming\nvm;C:\Program Files\nodejs;C:\Program Files\Microsoft VS Code\bin;C:\Users\Jovana\AppData\Local\Microsoft\WindowsApps;C:\Program Files\Microsoft VS Code\bin;C:\Users\Jovana\AppData\Roaming\nvm;C:\Program Files\nodejs;C:\Program Files\sts-bundle\sts-3.9.3.RELEASE;;.]
2018-07-31 10:31:52.992  INFO 12432 --- [localhost-startStop-1] o.a.c.c.C.[Tomcat].[localhost].[/]       : Initializing Spring embedded WebApplicationContext
2018-07-31 10:31:52.994  INFO 12432 --- [localhost-startStop-1] o.s.web.context.ContextLoader            : Root WebApplicationContext: initialization completed in 4386 ms
2018-07-31 10:31:53.380  INFO 12432 --- [localhost-startStop-1] o.s.b.w.servlet.FilterRegistrationBean   : Mapping filter: 'characterEncodingFilter' to: [/*]
2018-07-31 10:31:53.381  INFO 12432 --- [localhost-startStop-1] o.s.b.w.servlet.FilterRegistrationBean   : Mapping filter: 'hiddenHttpMethodFilter' to: [/*]
2018-07-31 10:31:53.382  INFO 12432 --- [localhost-startStop-1] o.s.b.w.servlet.FilterRegistrationBean   : Mapping filter: 'httpPutFormContentFilter' to: [/*]
2018-07-31 10:31:53.382  INFO 12432 --- [localhost-startStop-1] o.s.b.w.servlet.FilterRegistrationBean   : Mapping filter: 'requestContextFilter' to: [/*]
2018-07-31 10:31:53.383  INFO 12432 --- [localhost-startStop-1] .s.DelegatingFilterProxyRegistrationBean : Mapping filter: 'springSecurityFilterChain' to: [/*]
2018-07-31 10:31:53.384  INFO 12432 --- [localhost-startStop-1] o.s.b.w.servlet.ServletRegistrationBean  : Servlet dispatcherServlet mapped to [/]
2018-07-31 10:31:53.794  INFO 12432 --- [main] com.zaxxer.hikari.HikariDataSource       : HikariPool-1 - Starting...
2018-07-31 10:31:54.753  INFO 12432 --- [main] com.zaxxer.hikari.HikariDataSource       : HikariPool-1 - Start completed.
2018-07-31 10:31:54.975  INFO 12432 --- [main] j.LocalContainerEntityManagerFactoryBean : Building JPA container EntityManagerFactory for persistence unit 'default'
2018-07-31 10:32:01.356  INFO 12432 --- [main] j.LocalContainerEntityManagerFactoryBean : Initialized JPA EntityManagerFactory for persistence unit 'default'
2018-07-31 10:32:04.245  INFO 12432 --- [main] o.s.w.s.handler.SimpleUrlHandlerMapping  : Mapped URL path [/**/favicon.ico] onto handler of type [class org.springframework.web.servlet.resource.ResourceHttpRequestHandler]
2018-07-31 10:32:04.275  WARN 12432 --- [main] aWebConfiguration$JpaWebMvcConfiguration : spring.jpa.open-in-view is enabled by default. Therefore, database queries may be performed during view rendering. Explicitly configure spring.jpa.open-in-view to disable this warning
2018-07-31 10:32:04.546  INFO 12432 --- [main] s.w.s.m.m.a.RequestMappingHandlerMapping : Mapped "{[/register/admins],methods=[GET]}" onto public org.springframework.http.ResponseEntity<?> com.iktpreobuka.dnevnik.controllers.AdminController.getAll(java.lang.String)
2018-07-31 10:32:04.553  INFO 12432 --- [main] s.w.s.m.m.a.RequestMappingHandlerMapping : Mapped "{[/register/admins/getLog],methods=[GET]}" onto public org.springframework.http.ResponseEntity<?> com.iktpreobuka.dnevnik.controllers.AdminController.getLog()
2018-07-31 10:32:04.555  INFO 12432 --- [main] s.w.s.m.m.a.RequestMappingHandlerMapping : Mapped "{[/register/admins],methods=[POST]}" onto public org.springframework.http.ResponseEntity<?> com.iktpreobuka.dnevnik.controllers.AdminController.addNewAdmin(com.iktpreobuka.dnevnik.entities.dto.UserDTO)
2018-07-31 10:32:04.556  INFO 12432 --- [main] s.w.s.m.m.a.RequestMappingHandlerMapping : Mapped "{[/register/admins/{id}],methods=[GET]}" onto public org.springframework.http.ResponseEntity<?> com.iktpreobuka.dnevnik.controllers.AdminController.getAdminById(java.lang.String)
2018-07-31 10:32:04.558  INFO 12432 --- [main] s.w.s.m.m.a.RequestMappingHandlerMapping : Mapped "{[/register/admins/changePassword/{id}],methods=[PUT]}" onto public org.springframework.http.ResponseEntity<?> com.iktpreobuka.dnevnik.controllers.AdminController.changePassword(java.lang.String,java.lang.String,java.lang.String)
2018-07-31 10:32:04.559  INFO 12432 --- [main] s.w.s.m.m.a.RequestMappingHandlerMapping : Mapped "{[/register/admins/{id}],methods=[PUT]}" onto public org.springframework.http.ResponseEntity<?> com.iktpreobuka.dnevnik.controllers.AdminController.updateAdmin(com.iktpreobuka.dnevnik.entities.dto.UpdateUserDTO,java.lang.String)
2018-07-31 10:32:04.561  INFO 12432 --- [main] s.w.s.m.m.a.RequestMappingHandlerMapping : Mapped "{[/register/admins/{id}],methods=[DELETE]}" onto public org.springframework.http.ResponseEntity<?> com.iktpreobuka.dnevnik.controllers.AdminController.deleteAdminById(java.lang.String)
2018-07-31 10:32:04.564  INFO 12432 --- [main] s.w.s.m.m.a.RequestMappingHandlerMapping : Mapped "{[/register/auth/login],methods=[POST]}" onto public org.springframework.http.ResponseEntity<java.lang.Object> com.iktpreobuka.dnevnik.controllers.AuthController.login()
2018-07-31 10:32:04.568  INFO 12432 --- [main] s.w.s.m.m.a.RequestMappingHandlerMapping : Mapped "{[/register/classes],methods=[GET]}" onto public org.springframework.http.ResponseEntity<?> com.iktpreobuka.dnevnik.controllers.ClassController.getAll()
2018-07-31 10:32:04.569  INFO 12432 --- [main] s.w.s.m.m.a.RequestMappingHandlerMapping : Mapped "{[/register/classes/{id}],methods=[GET]}" onto public org.springframework.http.ResponseEntity<?> com.iktpreobuka.dnevnik.controllers.ClassController.getClassById(java.lang.String)
2018-07-31 10:32:04.570  INFO 12432 --- [main] s.w.s.m.m.a.RequestMappingHandlerMapping : Mapped "{[/register/classes/{id}],methods=[DELETE]}" onto public org.springframework.http.ResponseEntity<?> com.iktpreobuka.dnevnik.controllers.ClassController.deleteClassById(java.lang.String)
2018-07-31 10:32:04.572  INFO 12432 --- [main] s.w.s.m.m.a.RequestMappingHandlerMapping : Mapped "{[/register/classes/grade/{gradeId}/classes/{selClasses}],methods=[POST]}" onto public org.springframework.http.ResponseEntity<?> com.iktpreobuka.dnevnik.controllers.ClassController.addClassByGrade(java.lang.String,java.lang.String)
2018-07-31 10:32:04.573  INFO 12432 --- [main] s.w.s.m.m.a.RequestMappingHandlerMapping : Mapped "{[/register/classes/{id}/indeks/{classIndeks}],methods=[PUT]}" onto public org.springframework.http.ResponseEntity<?> com.iktpreobuka.dnevnik.controllers.ClassController.updateClassIndeks(java.lang.String,java.lang.String)
2018-07-31 10:32:04.583  INFO 12432 --- [main] s.w.s.m.m.a.RequestMappingHandlerMapping : Mapped "{[/register/marks],methods=[GET]}" onto public org.springframework.http.ResponseEntity<?> com.iktpreobuka.dnevnik.controllers.MarkController.getAll()
2018-07-31 10:32:04.585  INFO 12432 --- [main] s.w.s.m.m.a.RequestMappingHandlerMapping : Mapped "{[/register/marks/{id}],methods=[GET]}" onto public org.springframework.http.ResponseEntity<?> com.iktpreobuka.dnevnik.controllers.MarkController.getMarkById(java.lang.String)
2018-07-31 10:32:04.586  INFO 12432 --- [main] s.w.s.m.m.a.RequestMappingHandlerMapping : Mapped "{[/register/marks/front/{id}],methods=[PUT]}" onto public org.springframework.http.ResponseEntity<?> com.iktpreobuka.dnevnik.controllers.MarkController.upateMarkFront(com.iktpreobuka.dnevnik.entities.dto.MarkDTOF,java.lang.String)
2018-07-31 10:32:04.587  INFO 12432 --- [main] s.w.s.m.m.a.RequestMappingHandlerMapping : Mapped "{[/register/marks],methods=[POST]}" onto public org.springframework.http.ResponseEntity<?> com.iktpreobuka.dnevnik.controllers.MarkController.createMark(com.iktpreobuka.dnevnik.entities.dto.MarkDTO)
2018-07-31 10:32:04.588  INFO 12432 --- [main] s.w.s.m.m.a.RequestMappingHandlerMapping : Mapped "{[/register/marks/{id}],methods=[PUT]}" onto public org.springframework.http.ResponseEntity<?> com.iktpreobuka.dnevnik.controllers.MarkController.upateMark(com.iktpreobuka.dnevnik.entities.dto.MarkDTO,java.lang.String)
2018-07-31 10:32:04.589  INFO 12432 --- [main] s.w.s.m.m.a.RequestMappingHandlerMapping : Mapped "{[/register/marks/{id}],methods=[DELETE]}" onto public org.springframework.http.ResponseEntity<?> com.iktpreobuka.dnevnik.controllers.MarkController.deleteMarkById(java.lang.String)
2018-07-31 10:32:04.591  INFO 12432 --- [main] s.w.s.m.m.a.RequestMappingHandlerMapping : Mapped "{[/register/marks/makeFinal/studentId/{sId}/timetableId/{tId}],methods=[POST]}" onto public org.springframework.http.ResponseEntity<?> com.iktpreobuka.dnevnik.controllers.MarkController.createFinalMark(java.lang.String,java.lang.String)
2018-07-31 10:32:04.594  INFO 12432 --- [main] s.w.s.m.m.a.RequestMappingHandlerMapping : Mapped "{[/register/markTypes],methods=[GET]}" onto public org.springframework.http.ResponseEntity<?> com.iktpreobuka.dnevnik.controllers.MarkTypeController.getAll()
2018-07-31 10:32:04.600  INFO 12432 --- [main] s.w.s.m.m.a.RequestMappingHandlerMapping : Mapped "{[/register/markTypes/{id}/{markType}],methods=[PUT]}" onto public org.springframework.http.ResponseEntity<?> com.iktpreobuka.dnevnik.controllers.MarkTypeController.updateMarkType(java.lang.String,java.lang.String)
2018-07-31 10:32:04.603  INFO 12432 --- [main] s.w.s.m.m.a.RequestMappingHandlerMapping : Mapped "{[/register/markTypes/{id}],methods=[GET]}" onto public org.springframework.http.ResponseEntity<?> com.iktpreobuka.dnevnik.controllers.MarkTypeController.getMarkTypeById(java.lang.String)
2018-07-31 10:32:04.605  INFO 12432 --- [main] s.w.s.m.m.a.RequestMappingHandlerMapping : Mapped "{[/register/markTypes/{markType}],methods=[POST]}" onto public org.springframework.http.ResponseEntity<?> com.iktpreobuka.dnevnik.controllers.MarkTypeController.addNewMarkType(java.lang.String)
2018-07-31 10:32:04.607  INFO 12432 --- [main] s.w.s.m.m.a.RequestMappingHandlerMapping : Mapped "{[/register/markTypes/{id}],methods=[DELETE]}" onto public org.springframework.http.ResponseEntity<?> com.iktpreobuka.dnevnik.controllers.MarkTypeController.deleteMarkTypeById(java.lang.String)
2018-07-31 10:32:04.613  INFO 12432 --- [main] s.w.s.m.m.a.RequestMappingHandlerMapping : Mapped "{[/register/parents],methods=[GET]}" onto public org.springframework.http.ResponseEntity<?> com.iktpreobuka.dnevnik.controllers.ParentController.getAll(java.lang.String)
2018-07-31 10:32:04.615  INFO 12432 --- [main] s.w.s.m.m.a.RequestMappingHandlerMapping : Mapped "{[/register/parents/changePassword/{id}],methods=[PUT]}" onto public org.springframework.http.ResponseEntity<?> com.iktpreobuka.dnevnik.controllers.ParentController.changePassword(java.lang.String,java.lang.String,java.lang.String)
2018-07-31 10:32:04.616  INFO 12432 --- [main] s.w.s.m.m.a.RequestMappingHandlerMapping : Mapped "{[/register/parents],methods=[POST]}" onto public org.springframework.http.ResponseEntity<?> com.iktpreobuka.dnevnik.controllers.ParentController.addNewParent(com.iktpreobuka.dnevnik.entities.dto.UserDTO)
2018-07-31 10:32:04.619  INFO 12432 --- [main] s.w.s.m.m.a.RequestMappingHandlerMapping : Mapped "{[/register/parents/{id}],methods=[PUT]}" onto public org.springframework.http.ResponseEntity<?> com.iktpreobuka.dnevnik.controllers.ParentController.updateParent(com.iktpreobuka.dnevnik.entities.dto.UpdateUserDTO,java.lang.String)
2018-07-31 10:32:04.621  INFO 12432 --- [main] s.w.s.m.m.a.RequestMappingHandlerMapping : Mapped "{[/register/parents/{id}],methods=[DELETE]}" onto public org.springframework.http.ResponseEntity<?> com.iktpreobuka.dnevnik.controllers.ParentController.deleteParentById(java.lang.String)
2018-07-31 10:32:04.622  INFO 12432 --- [main] s.w.s.m.m.a.RequestMappingHandlerMapping : Mapped "{[/register/parents/{id}],methods=[GET]}" onto public org.springframework.http.ResponseEntity<?> com.iktpreobuka.dnevnik.controllers.ParentController.getParentById(java.lang.String)
2018-07-31 10:32:04.624  INFO 12432 --- [main] s.w.s.m.m.a.RequestMappingHandlerMapping : Mapped "{[/register/parents/getChildren/{id}],methods=[GET]}" onto public org.springframework.http.ResponseEntity<?> com.iktpreobuka.dnevnik.controllers.ParentController.getChildernByParent(java.lang.String)
2018-07-31 10:32:04.631  INFO 12432 --- [main] s.w.s.m.m.a.RequestMappingHandlerMapping : Mapped "{[/register/students],methods=[GET]}" onto public org.springframework.http.ResponseEntity<?> com.iktpreobuka.dnevnik.controllers.StudentController.getAll(java.lang.String)
2018-07-31 10:32:04.632  INFO 12432 --- [main] s.w.s.m.m.a.RequestMappingHandlerMapping : Mapped "{[/register/students/changePassword/{id}],methods=[PUT]}" onto public org.springframework.http.ResponseEntity<?> com.iktpreobuka.dnevnik.controllers.StudentController.changePassword(java.lang.String,java.lang.String,java.lang.String)
2018-07-31 10:32:04.634  INFO 12432 --- [main] s.w.s.m.m.a.RequestMappingHandlerMapping : Mapped "{[/register/students/{id}],methods=[GET]}" onto public org.springframework.http.ResponseEntity<?> com.iktpreobuka.dnevnik.controllers.StudentController.getStudentById(java.lang.String)
2018-07-31 10:32:04.637  INFO 12432 --- [main] s.w.s.m.m.a.RequestMappingHandlerMapping : Mapped "{[/register/students/{studentId}/parent/{parentId}],methods=[PUT]}" onto public org.springframework.http.ResponseEntity<?> com.iktpreobuka.dnevnik.controllers.StudentController.attachParent(java.lang.String,java.lang.String)
2018-07-31 10:32:04.638  INFO 12432 --- [main] s.w.s.m.m.a.RequestMappingHandlerMapping : Mapped "{[/register/students/{id}],methods=[PUT]}" onto public org.springframework.http.ResponseEntity<?> com.iktpreobuka.dnevnik.controllers.StudentController.updateStudent(com.iktpreobuka.dnevnik.entities.dto.UpdateUserDTO,java.lang.String)
2018-07-31 10:32:04.640  INFO 12432 --- [main] s.w.s.m.m.a.RequestMappingHandlerMapping : Mapped "{[/register/students],methods=[POST]}" onto public org.springframework.http.ResponseEntity<?> com.iktpreobuka.dnevnik.controllers.StudentController.addNewStudent(com.iktpreobuka.dnevnik.entities.dto.UserDTO)
2018-07-31 10:32:04.642  INFO 12432 --- [main] s.w.s.m.m.a.RequestMappingHandlerMapping : Mapped "{[/register/students/{id}],methods=[DELETE]}" onto public org.springframework.http.ResponseEntity<?> com.iktpreobuka.dnevnik.controllers.StudentController.deleteStudentById(java.lang.String)
2018-07-31 10:32:04.643  INFO 12432 --- [main] s.w.s.m.m.a.RequestMappingHandlerMapping : Mapped "{[/register/students/{studentId}/class/{classId}],methods=[PUT]}" onto public org.springframework.http.ResponseEntity<?> com.iktpreobuka.dnevnik.controllers.StudentController.addStudentToClass(java.lang.String,java.lang.String)
2018-07-31 10:32:04.644  INFO 12432 --- [main] s.w.s.m.m.a.RequestMappingHandlerMapping : Mapped "{[/register/students/subjectMarks/{id}],methods=[GET]}" onto public org.springframework.http.ResponseEntity<?> com.iktpreobuka.dnevnik.controllers.StudentController.getSubjectMarksByStudent(java.lang.String)
2018-07-31 10:32:04.647  INFO 12432 --- [main] s.w.s.m.m.a.RequestMappingHandlerMapping : Mapped "{[/register/subjects],methods=[GET]}" onto public org.springframework.http.ResponseEntity<?> com.iktpreobuka.dnevnik.controllers.SubjectController.getAll()
2018-07-31 10:32:04.648  INFO 12432 --- [main] s.w.s.m.m.a.RequestMappingHandlerMapping : Mapped "{[/register/subjects/createSubject/{subjectTitleId}],methods=[POST]}" onto public org.springframework.http.ResponseEntity<?> com.iktpreobuka.dnevnik.controllers.SubjectController.createSubject(java.lang.String,java.lang.String,java.lang.String)
2018-07-31 10:32:04.649  INFO 12432 --- [main] s.w.s.m.m.a.RequestMappingHandlerMapping : Mapped "{[/register/subjects/{id}],methods=[GET]}" onto public org.springframework.http.ResponseEntity<?> com.iktpreobuka.dnevnik.controllers.SubjectController.getSubjectById(java.lang.String)
2018-07-31 10:32:04.650  INFO 12432 --- [main] s.w.s.m.m.a.RequestMappingHandlerMapping : Mapped "{[/register/subjects/{id}],methods=[DELETE]}" onto public org.springframework.http.ResponseEntity<?> com.iktpreobuka.dnevnik.controllers.SubjectController.deleteSubjectById(java.lang.String)
2018-07-31 10:32:04.651  INFO 12432 --- [main] s.w.s.m.m.a.RequestMappingHandlerMapping : Mapped "{[/register/subjects/{id}],methods=[PUT]}" onto public org.springframework.http.ResponseEntity<?> com.iktpreobuka.dnevnik.controllers.SubjectController.updateSubjectTitle(java.lang.String,com.iktpreobuka.dnevnik.entities.SubjectEntity)
2018-07-31 10:32:04.653  INFO 12432 --- [main] s.w.s.m.m.a.RequestMappingHandlerMapping : Mapped "{[/register/subjectTitles],methods=[GET]}" onto public org.springframework.http.ResponseEntity<?> com.iktpreobuka.dnevnik.controllers.SubjectTitleController.getAll()
2018-07-31 10:32:04.656  INFO 12432 --- [main] s.w.s.m.m.a.RequestMappingHandlerMapping : Mapped "{[/register/subjectTitles/{id}],methods=[DELETE]}" onto public org.springframework.http.ResponseEntity<?> com.iktpreobuka.dnevnik.controllers.SubjectTitleController.deleteSubjectById(java.lang.String)
2018-07-31 10:32:04.657  INFO 12432 --- [main] s.w.s.m.m.a.RequestMappingHandlerMapping : Mapped "{[/register/subjectTitles/{id}/{subjectTitle}],methods=[PUT]}" onto public org.springframework.http.ResponseEntity<?> com.iktpreobuka.dnevnik.controllers.SubjectTitleController.updateSubjectTitle(java.lang.String,java.lang.String)
2018-07-31 10:32:04.658  INFO 12432 --- [main] s.w.s.m.m.a.RequestMappingHandlerMapping : Mapped "{[/register/subjectTitles/{id}],methods=[GET]}" onto public org.springframework.http.ResponseEntity<?> com.iktpreobuka.dnevnik.controllers.SubjectTitleController.getSubjectTitleById(java.lang.String)
2018-07-31 10:32:04.660  INFO 12432 --- [main] s.w.s.m.m.a.RequestMappingHandlerMapping : Mapped "{[/register/subjectTitles/{subjectTitle}],methods=[POST]}" onto public org.springframework.http.ResponseEntity<?> com.iktpreobuka.dnevnik.controllers.SubjectTitleController.addNewSubjectTitle(java.lang.String)
2018-07-31 10:32:04.663  INFO 12432 --- [main] s.w.s.m.m.a.RequestMappingHandlerMapping : Mapped "{[/register/teachers],methods=[GET]}" onto public org.springframework.http.ResponseEntity<?> com.iktpreobuka.dnevnik.controllers.TeacherController.getAll(java.lang.String)
2018-07-31 10:32:04.665  INFO 12432 --- [main] s.w.s.m.m.a.RequestMappingHandlerMapping : Mapped "{[/register/teachers/changePassword/{id}],methods=[PUT]}" onto public org.springframework.http.ResponseEntity<?> com.iktpreobuka.dnevnik.controllers.TeacherController.changePassword(java.lang.String,java.lang.String,java.lang.String)
2018-07-31 10:32:04.666  INFO 12432 --- [main] s.w.s.m.m.a.RequestMappingHandlerMapping : Mapped "{[/register/teachers/{id}],methods=[GET]}" onto public org.springframework.http.ResponseEntity<?> com.iktpreobuka.dnevnik.controllers.TeacherController.getTeacherById(java.lang.String)
2018-07-31 10:32:04.667  INFO 12432 --- [main] s.w.s.m.m.a.RequestMappingHandlerMapping : Mapped "{[/register/teachers],methods=[POST]}" onto public org.springframework.http.ResponseEntity<?> com.iktpreobuka.dnevnik.controllers.TeacherController.addNewTeacher(com.iktpreobuka.dnevnik.entities.dto.UserDTO)
2018-07-31 10:32:04.670  INFO 12432 --- [main] s.w.s.m.m.a.RequestMappingHandlerMapping : Mapped "{[/register/teachers/{id}],methods=[PUT]}" onto public org.springframework.http.ResponseEntity<?> com.iktpreobuka.dnevnik.controllers.TeacherController.updateTeacher(com.iktpreobuka.dnevnik.entities.dto.UpdateUserDTO,java.lang.String)
2018-07-31 10:32:04.671  INFO 12432 --- [main] s.w.s.m.m.a.RequestMappingHandlerMapping : Mapped "{[/register/teachers/qualifications/{id}],methods=[GET]}" onto public org.springframework.http.ResponseEntity<?> com.iktpreobuka.dnevnik.controllers.TeacherController.getQualificationById(java.lang.String)
2018-07-31 10:32:04.672  INFO 12432 --- [main] s.w.s.m.m.a.RequestMappingHandlerMapping : Mapped "{[/register/teachers/{id}/addQualifications],methods=[POST]}" onto public org.springframework.http.ResponseEntity<?> com.iktpreobuka.dnevnik.controllers.TeacherController.addQualifications(java.lang.String,java.lang.String[])
2018-07-31 10:32:04.674  INFO 12432 --- [main] s.w.s.m.m.a.RequestMappingHandlerMapping : Mapped "{[/register/teachers/getTimetables/{id}],methods=[GET]}" onto public org.springframework.http.ResponseEntity<?> com.iktpreobuka.dnevnik.controllers.TeacherController.getTimetablesByTeacherId(java.lang.String)
2018-07-31 10:32:04.675  INFO 12432 --- [main] s.w.s.m.m.a.RequestMappingHandlerMapping : Mapped "{[/register/teachers/qualifications],methods=[GET]}" onto public org.springframework.http.ResponseEntity<?> com.iktpreobuka.dnevnik.controllers.TeacherController.getAllQualifications()
2018-07-31 10:32:04.678  INFO 12432 --- [main] s.w.s.m.m.a.RequestMappingHandlerMapping : Mapped "{[/register/teachers/qualifications/{id}],methods=[DELETE]}" onto public org.springframework.http.ResponseEntity<?> com.iktpreobuka.dnevnik.controllers.TeacherController.deleteQualificationById(java.lang.String)
2018-07-31 10:32:04.679  INFO 12432 --- [main] s.w.s.m.m.a.RequestMappingHandlerMapping : Mapped "{[/register/teachers/getStudentMarks/{ttId}],methods=[GET]}" onto public org.springframework.http.ResponseEntity<?> com.iktpreobuka.dnevnik.controllers.TeacherController.getStudentMarksByTimetableId(java.lang.String)
2018-07-31 10:32:04.681  INFO 12432 --- [main] s.w.s.m.m.a.RequestMappingHandlerMapping : Mapped "{[/register/teachers/{id}],methods=[DELETE]}" onto public org.springframework.http.ResponseEntity<?> com.iktpreobuka.dnevnik.controllers.TeacherController.deleteTeachertById(java.lang.String)
2018-07-31 10:32:04.685  INFO 12432 --- [main] s.w.s.m.m.a.RequestMappingHandlerMapping : Mapped "{[/register/timetables],methods=[GET]}" onto public org.springframework.http.ResponseEntity<?> com.iktpreobuka.dnevnik.controllers.TimetableController.getAll()
2018-07-31 10:32:04.688  INFO 12432 --- [main] s.w.s.m.m.a.RequestMappingHandlerMapping : Mapped "{[/register/timetables/{id}],methods=[GET]}" onto public org.springframework.http.ResponseEntity<?> com.iktpreobuka.dnevnik.controllers.TimetableController.getTimetableById(java.lang.String)
2018-07-31 10:32:04.689  INFO 12432 --- [main] s.w.s.m.m.a.RequestMappingHandlerMapping : Mapped "{[/register/timetables],methods=[POST]}" onto public org.springframework.http.ResponseEntity<?> com.iktpreobuka.dnevnik.controllers.TimetableController.crateTimetable(java.lang.String,java.lang.String)
2018-07-31 10:32:04.690  INFO 12432 --- [main] s.w.s.m.m.a.RequestMappingHandlerMapping : Mapped "{[/register/timetables/{id}/activate],methods=[PUT]}" onto public org.springframework.http.ResponseEntity<?> com.iktpreobuka.dnevnik.controllers.TimetableController.activateTimetable(java.lang.String)
2018-07-31 10:32:04.691  INFO 12432 --- [main] s.w.s.m.m.a.RequestMappingHandlerMapping : Mapped "{[/register/timetables/{id}],methods=[DELETE]}" onto public org.springframework.http.ResponseEntity<?> com.iktpreobuka.dnevnik.controllers.TimetableController.deleteTimetableById(java.lang.String)
2018-07-31 10:32:04.692  INFO 12432 --- [main] s.w.s.m.m.a.RequestMappingHandlerMapping : Mapped "{[/register/timetables/{id}/deactivate],methods=[PUT]}" onto public org.springframework.http.ResponseEntity<?> com.iktpreobuka.dnevnik.controllers.TimetableController.deactivateTimetable(java.lang.String)
2018-07-31 10:32:04.700  INFO 12432 --- [main] s.w.s.m.m.a.RequestMappingHandlerMapping : Mapped "{[/error]}" onto public org.springframework.http.ResponseEntity<java.util.Map<java.lang.String, java.lang.Object>> org.springframework.boot.autoconfigure.web.servlet.error.BasicErrorController.error(javax.servlet.http.HttpServletRequest)
2018-07-31 10:32:04.702  INFO 12432 --- [main] s.w.s.m.m.a.RequestMappingHandlerMapping : Mapped "{[/error],produces=[text/html]}" onto public org.springframework.web.servlet.ModelAndView org.springframework.boot.autoconfigure.web.servlet.error.BasicErrorController.errorHtml(javax.servlet.http.HttpServletRequest,javax.servlet.http.HttpServletResponse)
2018-07-31 10:32:04.786  INFO 12432 --- [main] o.s.w.s.handler.SimpleUrlHandlerMapping  : Mapped URL path [/webjars/**] onto handler of type [class org.springframework.web.servlet.resource.ResourceHttpRequestHandler]
2018-07-31 10:32:04.786  INFO 12432 --- [main] o.s.w.s.handler.SimpleUrlHandlerMapping  : Mapped URL path [/**] onto handler of type [class org.springframework.web.servlet.resource.ResourceHttpRequestHandler]
2018-07-31 10:32:04.878  INFO 12432 --- [main] o.s.s.web.DefaultSecurityFilterChain     : Creating filter chain: org.springframework.security.web.util.matcher.AnyRequestMatcher@1, [org.springframework.security.web.context.request.async.WebAsyncManagerIntegrationFilter@5cfed0ba, org.springframework.security.web.context.SecurityContextPersistenceFilter@273fa9e, org.springframework.security.web.header.HeaderWriterFilter@6af609ea, org.springframework.web.filter.CorsFilter@5c8d58ed, org.springframework.security.web.authentication.logout.LogoutFilter@5600a5da, org.springframework.security.web.authentication.www.BasicAuthenticationFilter@14de1901, org.springframework.security.web.savedrequest.RequestCacheAwareFilter@7ab2a07e, org.springframework.security.web.servletapi.SecurityContextHolderAwareRequestFilter@6c075e9d, org.springframework.security.web.authentication.AnonymousAuthenticationFilter@6a567f7b, org.springframework.security.web.session.SessionManagementFilter@5d71b500, org.springframework.security.web.access.ExceptionTranslationFilter@77524ca7, org.springframework.security.web.access.intercept.FilterSecurityInterceptor@1a1c21b4]
2018-07-31 10:32:05.740  INFO 12432 --- [main] s.w.s.m.m.a.RequestMappingHandlerAdapter : Looking for @ControllerAdvice: org.springframework.boot.web.servlet.context.AnnotationConfigServletWebServerApplicationContext@5223e5ee: startup date [Tue Jul 31 10:31:48 CEST 2018]; root of context hierarchy
2018-07-31 10:32:06.316  INFO 12432 --- [main] .s.s.UserDetailsServiceAutoConfiguration : 

Using generated security password: 3f4d849b-0735-4df6-ba45-26e037d8729f

2018-07-31 10:32:06.516  INFO 12432 --- [main] o.s.j.e.a.AnnotationMBeanExporter        : Registering beans for JMX exposure on startup
2018-07-31 10:32:06.522  INFO 12432 --- [main] o.s.j.e.a.AnnotationMBeanExporter        : Bean with name 'dataSource' has been autodetected for JMX exposure
2018-07-31 10:32:06.541  INFO 12432 --- [main] o.s.j.e.a.AnnotationMBeanExporter        : Located MBean 'dataSource': registering with JMX server as MBean [com.zaxxer.hikari:name=dataSource,type=HikariDataSource]
2018-07-31 10:32:06.739  INFO 12432 --- [main] o.s.b.w.embedded.tomcat.TomcatWebServer  : Tomcat started on port(s): 8080 (http) with context path ''
2018-07-31 10:32:06.751  INFO 12432 --- [main] c.i.d.ElektronskiDnevnikApplication      : Started ElektronskiDnevnikApplication in 19.781 seconds (JVM running for 22.782)
2018-07-31 11:14:38.675  INFO 12432 --- [http-nio-8080-exec-10] o.a.c.c.C.[Tomcat].[localhost].[/]       : Initializing Spring FrameworkServlet 'dispatcherServlet'
2018-07-31 11:14:38.711  INFO 12432 --- [http-nio-8080-exec-10] o.s.web.servlet.DispatcherServlet        : FrameworkServlet 'dispatcherServlet': initialization started
2018-07-31 11:14:39.148  INFO 12432 --- [http-nio-8080-exec-10] o.s.web.servlet.DispatcherServlet        : FrameworkServlet 'dispatcherServlet': initialization completed in 435 ms
2018-07-31 13:16:23.289  INFO 12432 --- [RMI TCP Connection(186)-127.0.0.1] inMXBeanRegistrar$SpringApplicationAdmin : Application shutdown requested.
2018-07-31 13:16:23.294  INFO 12432 --- [RMI TCP Connection(186)-127.0.0.1] ConfigServletWebServerApplicationContext : Closing org.springframework.boot.web.servlet.context.AnnotationConfigServletWebServerApplicationContext@5223e5ee: startup date [Tue Jul 31 10:31:48 CEST 2018]; root of context hierarchy
2018-07-31 13:16:23.336  INFO 12432 --- [RMI TCP Connection(186)-127.0.0.1] o.s.j.e.a.AnnotationMBeanExporter        : Unregistering JMX-exposed beans on shutdown
2018-07-31 13:16:23.343  INFO 12432 --- [RMI TCP Connection(186)-127.0.0.1] o.s.j.e.a.AnnotationMBeanExporter        : Unregistering JMX-exposed beans
2018-07-31 13:16:23.372  INFO 12432 --- [RMI TCP Connection(186)-127.0.0.1] j.LocalContainerEntityManagerFactoryBean : Closing JPA EntityManagerFactory for persistence unit 'default'
2018-07-31 13:16:23.383  INFO 12432 --- [RMI TCP Connection(186)-127.0.0.1] com.zaxxer.hikari.HikariDataSource       : HikariPool-1 - Shutdown initiated...
2018-07-31 13:16:23.399  INFO 12432 --- [RMI TCP Connection(186)-127.0.0.1] com.zaxxer.hikari.HikariDataSource       : HikariPool-1 - Shutdown completed.
